[vidmate.tools/en/index.html]
[vidmate.tools/images/favicon-1_0e61f.png]
[backblue.gif]
[fade.gif]
[index.html]
[ajax.googleapis.com/ajax/libs/jquery/3.5.1/jquery.min.js]
[vidmate.tools/images/icon-menu.png]
[vidmate.tools/images/logo_fbc86.png]
[push-sdk.com/f/sdk2995.js]
[vidmate.tools/images/icon-cm-security.png]
[vidmate.tools/images/icon-lookout.png]
[vidmate.tools/images/icon-mcafee.png]
[vidmate.tools/images/phoneusf734b_bb1d1.png]
[vidmate.tools/images/p88x88.jpg]
[vidmate.tools/images/p1x1.jpg]
[vidmate.tools/images/p275x175.jpg]
[vidmate.tools/images/iconlogo_cc944.png]
[maxcdn.bootstrapcdn.com/font-awesome/4.5.0/css/font-awesome.min.css]
[vidmate.tools/cdn-cgi/scripts/5c5dd728/cloudflare-static/email-decode.min.js]
[vidmate.tools/en/index.html]
[vidmate.tools/en/window.location.href/index.html]
[maxcdn.bootstrapcdn.com/font-awesome/4.5.0/css/font-awesome.min.css]
[cdnjs.cloudflare.com/ajax/libs/lazysizes/5.2.2/lazysizes-umd.min.js]
